1765276252.377794 client started (538955): version 3.3a, socket /tmp/tmux-1000/default, protocol 8
1765276252.378389 on Linux 6.1.0-41-amd64 #1 SMP PREEMPT_DYNAMIC Debian 6.1.158-1 (2025-11-09)
1765276252.379371 using libevent 2.1.12-stable (poll); ncurses 6.3
1765276252.379597 flags are 0x10010000
1765276252.380038 socket is /tmp/tmux-1000/default
1765276252.380352 trying connect
1765276252.380847 add peer 0x555a8a833670: 6 ((nil))
1765276252.381772 sending message 100 to peer 0x555a8a833670 (4 bytes)
1765276252.381960 sending message 111 to peer 0x555a8a833670 (8 bytes)
1765276252.382004 sending message 101 to peer 0x555a8a833670 (14 bytes)
1765276252.382228 sending message 109 to peer 0x555a8a833670 (4 bytes)
1765276252.382406 sending message 102 to peer 0x555a8a833670 (11 bytes)
1765276252.383286 sending message 108 to peer 0x555a8a833670 (17 bytes)
1765276252.383901 sending message 112 to peer 0x555a8a833670 (70 bytes)
1765276252.384095 sending message 112 to peer 0x555a8a833670 (5 bytes)
1765276252.384484 sending message 112 to peer 0x555a8a833670 (5 bytes)
1765276252.384535 sending message 112 to peer 0x555a8a833670 (6 bytes)
1765276252.384678 sending message 112 to peer 0x555a8a833670 (6 bytes)
1765276252.384722 sending message 112 to peer 0x555a8a833670 (11 bytes)
1765276252.384786 sending message 112 to peer 0x555a8a833670 (10 bytes)
1765276252.385149 sending message 112 to peer 0x555a8a833670 (13 bytes)
1765276252.385361 sending message 112 to peer 0x555a8a833670 (13 bytes)
1765276252.385737 sending message 112 to peer 0x555a8a833670 (18 bytes)
1765276252.385974 sending message 112 to peer 0x555a8a833670 (11 bytes)
1765276252.386244 sending message 112 to peer 0x555a8a833670 (10 bytes)
1765276252.386455 sending message 112 to peer 0x555a8a833670 (15 bytes)
1765276252.386513 sending message 112 to peer 0x555a8a833670 (21 bytes)
1765276252.386600 sending message 112 to peer 0x555a8a833670 (13 bytes)
1765276252.386737 sending message 112 to peer 0x555a8a833670 (7 bytes)
1765276252.386908 sending message 112 to peer 0x555a8a833670 (13 bytes)
1765276252.386950 sending message 112 to peer 0x555a8a833670 (7 bytes)
1765276252.386995 sending message 112 to peer 0x555a8a833670 (13 bytes)
1765276252.387114 sending message 112 to peer 0x555a8a833670 (9 bytes)
1765276252.387229 sending message 112 to peer 0x555a8a833670 (21 bytes)
1765276252.387341 sending message 112 to peer 0x555a8a833670 (13 bytes)
1765276252.387388 sending message 112 to peer 0x555a8a833670 (8 bytes)
1765276252.387429 sending message 112 to peer 0x555a8a833670 (12 bytes)
1765276252.387483 sending message 112 to peer 0x555a8a833670 (13 bytes)
1765276252.388018 sending message 112 to peer 0x555a8a833670 (9 bytes)
1765276252.388193 sending message 112 to peer 0x555a8a833670 (9 bytes)
1765276252.388975 sending message 112 to peer 0x555a8a833670 (12 bytes)
1765276252.389154 sending message 112 to peer 0x555a8a833670 (8 bytes)
1765276252.389524 sending message 112 to peer 0x555a8a833670 (8 bytes)
1765276252.389651 sending message 112 to peer 0x555a8a833670 (7 bytes)
1765276252.389703 sending message 112 to peer 0x555a8a833670 (7 bytes)
1765276252.389754 sending message 112 to peer 0x555a8a833670 (9 bytes)
1765276252.389928 sending message 112 to peer 0x555a8a833670 (13 bytes)
1765276252.390093 sending message 112 to peer 0x555a8a833670 (6 bytes)
1765276252.390305 sending message 112 to peer 0x555a8a833670 (9 bytes)
1765276252.390468 sending message 112 to peer 0x555a8a833670 (15 bytes)
1765276252.390648 sending message 112 to peer 0x555a8a833670 (13 bytes)
1765276252.390843 sending message 112 to peer 0x555a8a833670 (12 bytes)
1765276252.391218 sending message 112 to peer 0x555a8a833670 (8 bytes)
1765276252.391391 sending message 112 to peer 0x555a8a833670 (14 bytes)
1765276252.391609 sending message 112 to peer 0x555a8a833670 (11 bytes)
1765276252.391809 sending message 112 to peer 0x555a8a833670 (9 bytes)
1765276252.391987 sending message 112 to peer 0x555a8a833670 (10 bytes)
1765276252.392163 sending message 112 to peer 0x555a8a833670 (10 bytes)
1765276252.392340 sending message 112 to peer 0x555a8a833670 (10 bytes)
1765276252.392765 sending message 112 to peer 0x555a8a833670 (10 bytes)
1765276252.392831 sending message 112 to peer 0x555a8a833670 (11 bytes)
1765276252.392883 sending message 112 to peer 0x555a8a833670 (12 bytes)
1765276252.392991 sending message 112 to peer 0x555a8a833670 (12 bytes)
1765276252.393096 sending message 112 to peer 0x555a8a833670 (12 bytes)
1765276252.393201 sending message 112 to peer 0x555a8a833670 (12 bytes)
1765276252.393300 sending message 112 to peer 0x555a8a833670 (12 bytes)
1765276252.393612 sending message 112 to peer 0x555a8a833670 (11 bytes)
1765276252.393674 sending message 112 to peer 0x555a8a833670 (11 bytes)
1765276252.393731 sending message 112 to peer 0x555a8a833670 (12 bytes)
1765276252.393793 sending message 112 to peer 0x555a8a833670 (12 bytes)
1765276252.393853 sending message 112 to peer 0x555a8a833670 (12 bytes)
1765276252.393892 sending message 112 to peer 0x555a8a833670 (12 bytes)
1765276252.393933 sending message 112 to peer 0x555a8a833670 (12 bytes)
1765276252.393974 sending message 112 to peer 0x555a8a833670 (10 bytes)
1765276252.394033 sending message 112 to peer 0x555a8a833670 (12 bytes)
1765276252.394096 sending message 112 to peer 0x555a8a833670 (13 bytes)
1765276252.394153 sending message 112 to peer 0x555a8a833670 (13 bytes)
1765276252.394214 sending message 112 to peer 0x555a8a833670 (13 bytes)
1765276252.394385 sending message 112 to peer 0x555a8a833670 (13 bytes)
1765276252.394432 sending message 112 to peer 0x555a8a833670 (13 bytes)
1765276252.394764 sending message 112 to peer 0x555a8a833670 (8 bytes)
1765276252.394965 sending message 112 to peer 0x555a8a833670 (11 bytes)
1765276252.395129 sending message 112 to peer 0x555a8a833670 (11 bytes)
1765276252.395353 sending message 112 to peer 0x555a8a833670 (11 bytes)
1765276252.395392 sending message 112 to peer 0x555a8a833670 (12 bytes)
1765276252.395450 sending message 112 to peer 0x555a8a833670 (12 bytes)
1765276252.395509 sending message 112 to peer 0x555a8a833670 (12 bytes)
1765276252.395923 sending message 112 to peer 0x555a8a833670 (12 bytes)
1765276252.396121 sending message 112 to peer 0x555a8a833670 (13 bytes)
1765276252.396698 sending message 112 to peer 0x555a8a833670 (13 bytes)
1765276252.396874 sending message 112 to peer 0x555a8a833670 (13 bytes)
1765276252.397041 sending message 112 to peer 0x555a8a833670 (8 bytes)
1765276252.397104 sending message 112 to peer 0x555a8a833670 (13 bytes)
1765276252.397288 sending message 112 to peer 0x555a8a833670 (13 bytes)
1765276252.397501 sending message 112 to peer 0x555a8a833670 (13 bytes)
1765276252.397902 sending message 112 to peer 0x555a8a833670 (13 bytes)
1765276252.397943 sending message 112 to peer 0x555a8a833670 (13 bytes)
1765276252.398002 sending message 112 to peer 0x555a8a833670 (12 bytes)
1765276252.398062 sending message 112 to peer 0x555a8a833670 (12 bytes)
1765276252.398122 sending message 112 to peer 0x555a8a833670 (12 bytes)
1765276252.398207 sending message 112 to peer 0x555a8a833670 (12 bytes)
1765276252.398431 sending message 112 to peer 0x555a8a833670 (13 bytes)
1765276252.398475 sending message 112 to peer 0x555a8a833670 (8 bytes)
1765276252.398735 sending message 112 to peer 0x555a8a833670 (13 bytes)
1765276252.398797 sending message 112 to peer 0x555a8a833670 (13 bytes)
1765276252.398860 sending message 112 to peer 0x555a8a833670 (13 bytes)
1765276252.399331 sending message 112 to peer 0x555a8a833670 (13 bytes)
1765276252.399368 sending message 112 to peer 0x555a8a833670 (13 bytes)
1765276252.399440 sending message 112 to peer 0x555a8a833670 (13 bytes)
1765276252.399491 sending message 112 to peer 0x555a8a833670 (13 bytes)
1765276252.399544 sending message 112 to peer 0x555a8a833670 (12 bytes)
1765276252.399603 sending message 112 to peer 0x555a8a833670 (12 bytes)
1765276252.399971 sending message 112 to peer 0x555a8a833670 (12 bytes)
1765276252.400165 sending message 112 to peer 0x555a8a833670 (8 bytes)
1765276252.400754 sending message 112 to peer 0x555a8a833670 (12 bytes)
1765276252.400796 sending message 112 to peer 0x555a8a833670 (13 bytes)
1765276252.401532 sending message 112 to peer 0x555a8a833670 (13 bytes)
1765276252.401773 sending message 112 to peer 0x555a8a833670 (13 bytes)
1765276252.401817 sending message 112 to peer 0x555a8a833670 (13 bytes)
1765276252.401856 sending message 112 to peer 0x555a8a833670 (13 bytes)
1765276252.401897 sending message 112 to peer 0x555a8a833670 (13 bytes)
1765276252.401958 sending message 112 to peer 0x555a8a833670 (13 bytes)
1765276252.402146 sending message 112 to peer 0x555a8a833670 (13 bytes)
1765276252.402187 sending message 112 to peer 0x555a8a833670 (12 bytes)
1765276252.402239 sending message 112 to peer 0x555a8a833670 (10 bytes)
1765276252.402281 sending message 112 to peer 0x555a8a833670 (12 bytes)
1765276252.402323 sending message 112 to peer 0x555a8a833670 (12 bytes)
1765276252.402365 sending message 112 to peer 0x555a8a833670 (12 bytes)
1765276252.402543 sending message 112 to peer 0x555a8a833670 (13 bytes)
1765276252.402582 sending message 112 to peer 0x555a8a833670 (13 bytes)
1765276252.402637 sending message 112 to peer 0x555a8a833670 (13 bytes)
1765276252.402680 sending message 112 to peer 0x555a8a833670 (13 bytes)
1765276252.402784 sending message 112 to peer 0x555a8a833670 (13 bytes)
1765276252.402886 sending message 112 to peer 0x555a8a833670 (13 bytes)
1765276252.402934 sending message 112 to peer 0x555a8a833670 (13 bytes)
1765276252.402976 sending message 112 to peer 0x555a8a833670 (10 bytes)
1765276252.403017 sending message 112 to peer 0x555a8a833670 (13 bytes)
1765276252.403058 sending message 112 to peer 0x555a8a833670 (12 bytes)
1765276252.403300 sending message 112 to peer 0x555a8a833670 (12 bytes)
1765276252.403364 sending message 112 to peer 0x555a8a833670 (12 bytes)
1765276252.403404 sending message 112 to peer 0x555a8a833670 (10 bytes)
1765276252.403477 sending message 112 to peer 0x555a8a833670 (10 bytes)
1765276252.403524 sending message 112 to peer 0x555a8a833670 (10 bytes)
1765276252.403575 sending message 112 to peer 0x555a8a833670 (12 bytes)
1765276252.403730 sending message 112 to peer 0x555a8a833670 (13 bytes)
1765276252.403908 sending message 112 to peer 0x555a8a833670 (13 bytes)
1765276252.403954 sending message 112 to peer 0x555a8a833670 (13 bytes)
1765276252.404009 sending message 112 to peer 0x555a8a833670 (13 bytes)
1765276252.404056 sending message 112 to peer 0x555a8a833670 (13 bytes)
1765276252.404225 sending message 112 to peer 0x555a8a833670 (11 bytes)
1765276252.404277 sending message 112 to peer 0x555a8a833670 (11 bytes)
1765276252.404450 sending message 112 to peer 0x555a8a833670 (12 bytes)
1765276252.404496 sending message 112 to peer 0x555a8a833670 (12 bytes)
1765276252.404578 sending message 112 to peer 0x555a8a833670 (12 bytes)
1765276252.404760 sending message 112 to peer 0x555a8a833670 (12 bytes)
1765276252.404809 sending message 112 to peer 0x555a8a833670 (12 bytes)
1765276252.404957 sending message 112 to peer 0x555a8a833670 (11 bytes)
1765276252.405099 sending message 112 to peer 0x555a8a833670 (12 bytes)
1765276252.405748 sending message 112 to peer 0x555a8a833670 (12 bytes)
1765276252.405790 sending message 112 to peer 0x555a8a833670 (13 bytes)
1765276252.406801 sending message 112 to peer 0x555a8a833670 (13 bytes)
1765276252.407125 sending message 112 to peer 0x555a8a833670 (13 bytes)
1765276252.407186 sending message 112 to peer 0x555a8a833670 (13 bytes)
1765276252.407281 sending message 112 to peer 0x555a8a833670 (13 bytes)
1765276252.407384 sending message 112 to peer 0x555a8a833670 (10 bytes)
1765276252.407487 sending message 112 to peer 0x555a8a833670 (9 bytes)
1765276252.407591 sending message 112 to peer 0x555a8a833670 (12 bytes)
1765276252.407665 sending message 112 to peer 0x555a8a833670 (13 bytes)
1765276252.407709 sending message 112 to peer 0x555a8a833670 (13 bytes)
1765276252.407952 sending message 112 to peer 0x555a8a833670 (13 bytes)
1765276252.408176 sending message 112 to peer 0x555a8a833670 (13 bytes)
1765276252.408769 sending message 112 to peer 0x555a8a833670 (13 bytes)
1765276252.409341 sending message 112 to peer 0x555a8a833670 (9 bytes)
1765276252.409543 sending message 112 to peer 0x555a8a833670 (12 bytes)
1765276252.410183 sending message 112 to peer 0x555a8a833670 (13 bytes)
1765276252.410375 sending message 112 to peer 0x555a8a833670 (13 bytes)
1765276252.411171 sending message 112 to peer 0x555a8a833670 (13 bytes)
1765276252.411360 sending message 112 to peer 0x555a8a833670 (13 bytes)
1765276252.411972 sending message 112 to peer 0x555a8a833670 (13 bytes)
1765276252.412020 sending message 112 to peer 0x555a8a833670 (11 bytes)
1765276252.412075 sending message 112 to peer 0x555a8a833670 (12 bytes)
1765276252.412136 sending message 112 to peer 0x555a8a833670 (13 bytes)
1765276252.412197 sending message 112 to peer 0x555a8a833670 (13 bytes)
1765276252.412550 sending message 112 to peer 0x555a8a833670 (13 bytes)
1765276252.412591 sending message 112 to peer 0x555a8a833670 (13 bytes)
1765276252.413156 sending message 112 to peer 0x555a8a833670 (13 bytes)
1765276252.413337 sending message 112 to peer 0x555a8a833670 (11 bytes)
1765276252.413716 sending message 112 to peer 0x555a8a833670 (12 bytes)
1765276252.414121 sending message 112 to peer 0x555a8a833670 (12 bytes)
1765276252.414499 sending message 112 to peer 0x555a8a833670 (12 bytes)
1765276252.414684 sending message 112 to peer 0x555a8a833670 (12 bytes)
1765276252.414875 sending message 112 to peer 0x555a8a833670 (12 bytes)
1765276252.415707 sending message 112 to peer 0x555a8a833670 (21 bytes)
1765276252.415757 sending message 112 to peer 0x555a8a833670 (12 bytes)
1765276252.416090 sending message 112 to peer 0x555a8a833670 (9 bytes)
1765276252.416130 sending message 112 to peer 0x555a8a833670 (6 bytes)
1765276252.416190 sending message 112 to peer 0x555a8a833670 (13 bytes)
1765276252.416249 sending message 112 to peer 0x555a8a833670 (8 bytes)
1765276252.416699 sending message 112 to peer 0x555a8a833670 (15 bytes)
1765276252.416739 sending message 112 to peer 0x555a8a833670 (13 bytes)
1765276252.416797 sending message 112 to peer 0x555a8a833670 (9 bytes)
1765276252.416837 sending message 112 to peer 0x555a8a833670 (70 bytes)
1765276252.416878 sending message 112 to peer 0x555a8a833670 (69 bytes)
1765276252.416916 sending message 112 to peer 0x555a8a833670 (10 bytes)
1765276252.416957 sending message 112 to peer 0x555a8a833670 (10 bytes)
1765276252.416996 sending message 112 to peer 0x555a8a833670 (8 bytes)
1765276252.417036 sending message 112 to peer 0x555a8a833670 (15 bytes)
1765276252.417074 sending message 112 to peer 0x555a8a833670 (13 bytes)
1765276252.417117 sending message 112 to peer 0x555a8a833670 (10 bytes)
1765276252.417158 sending message 112 to peer 0x555a8a833670 (10 bytes)
1765276252.417328 sending message 112 to peer 0x555a8a833670 (17 bytes)
1765276252.417368 sending message 112 to peer 0x555a8a833670 (10 bytes)
1765276252.417417 sending message 112 to peer 0x555a8a833670 (13 bytes)
1765276252.417460 sending message 112 to peer 0x555a8a833670 (9 bytes)
1765276252.417498 sending message 112 to peer 0x555a8a833670 (5 bytes)
1765276252.417541 sending message 112 to peer 0x555a8a833670 (15 bytes)
1765276252.417580 sending message 104 to peer 0x555a8a833670 (0 bytes)
1765276252.417621 sending message 110 to peer 0x555a8a833670 (0 bytes)
1765276252.417991 sending message 107 to peer 0x555a8a833670 (4 bytes)
1765276252.418037 sending message 105 to peer 0x555a8a833670 (16 bytes)
1765276252.418628 sending message 105 to peer 0x555a8a833670 (26 bytes)
1765276252.418668 sending message 105 to peer 0x555a8a833670 (37 bytes)
1765276252.418875 sending message 105 to peer 0x555a8a833670 (171 bytes)
1765276252.419000 sending message 105 to peer 0x555a8a833670 (21 bytes)
1765276252.419047 sending message 105 to peer 0x555a8a833670 (16 bytes)
1765276252.419349 sending message 105 to peer 0x555a8a833670 (21 bytes)
1765276252.419386 sending message 105 to peer 0x555a8a833670 (15 bytes)
1765276252.419426 sending message 105 to peer 0x555a8a833670 (19 bytes)
1765276252.419686 sending message 105 to peer 0x555a8a833670 (17 bytes)
1765276252.419865 sending message 105 to peer 0x555a8a833670 (1764 bytes)
1765276252.420068 sending message 105 to peer 0x555a8a833670 (50 bytes)
1765276252.420106 sending message 105 to peer 0x555a8a833670 (43 bytes)
1765276252.420158 sending message 105 to peer 0x555a8a833670 (23 bytes)
1765276252.420300 sending message 105 to peer 0x555a8a833670 (19 bytes)
1765276252.420336 sending message 105 to peer 0x555a8a833670 (13 bytes)
1765276252.420639 sending message 105 to peer 0x555a8a833670 (13 bytes)
1765276252.420696 sending message 105 to peer 0x555a8a833670 (8 bytes)
1765276252.420759 sending message 105 to peer 0x555a8a833670 (17 bytes)
1765276252.420805 sending message 105 to peer 0x555a8a833670 (69 bytes)
1765276252.420857 sending message 105 to peer 0x555a8a833670 (15 bytes)
1765276252.420910 sending message 105 to peer 0x555a8a833670 (31 bytes)
1765276252.420962 sending message 105 to peer 0x555a8a833670 (29 bytes)
1765276252.421016 sending message 105 to peer 0x555a8a833670 (19 bytes)
1765276252.421060 sending message 105 to peer 0x555a8a833670 (22 bytes)
1765276252.421231 sending message 105 to peer 0x555a8a833670 (62 bytes)
1765276252.421279 sending message 105 to peer 0x555a8a833670 (54 bytes)
1765276252.421338 sending message 105 to peer 0x555a8a833670 (19 bytes)
1765276252.421406 sending message 105 to peer 0x555a8a833670 (16 bytes)
1765276252.421549 sending message 105 to peer 0x555a8a833670 (18 bytes)
1765276252.421595 sending message 105 to peer 0x555a8a833670 (16 bytes)
1765276252.421646 sending message 106 to peer 0x555a8a833670 (0 bytes)
1765276252.422033 sending message 200 to peer 0x555a8a833670 (4 bytes)
1765276252.422312 client loop enter
1765276252.424787 peer 0x555a8a833670 message 303
1765276252.425002 open write file 2 -
1765276252.425296 sending message 305 to peer 0x555a8a833670 (8 bytes)
1765276252.425403 write check file 2
1765276252.425921 peer 0x555a8a833670 message 304
1765276252.425957 write 58 to file 2
1765276252.425998 peer 0x555a8a833670 message 203
1765276252.426039 file 2 58 bytes left
1765276252.426149 write check file 2
1765276252.426194 client loop exit
